This is pdfTeX, Version 3.141592653-2.6-1.40.24 (TeX Live 2022) (preloaded format=pdflatex 2022.11.3)  29 NOV 2022 18:05
entering extended mode
 restricted \write18 enabled.
 file:line:error style messages enabled.
 %&-line parsing enabled.
**Jeremy_Benik_Rothermel_vs_Balbi.tex
(./Jeremy_Benik_Rothermel_vs_Balbi.tex
LaTeX2e <2021-11-15> patch level 1
L3 programming layer <2022-02-24> (/usr/local/texlive/2022/texmf-dist/tex/latex/base/article.cls
Document Class: article 2021/10/04 v1.4n Standard LaTeX document class
(/usr/local/texlive/2022/texmf-dist/tex/latex/base/size10.clo
File: size10.clo 2021/10/04 v1.4n Standard LaTeX file (size option)
)
\c@part=\count185
\c@section=\count186
\c@subsection=\count187
\c@subsubsection=\count188
\c@paragraph=\count189
\c@subparagraph=\count190
\c@figure=\count191
\c@table=\count192
\abovecaptionskip=\skip47
\belowcaptionskip=\skip48
\bibindent=\dimen138
) (/usr/local/texlive/2022/texmf-dist/tex/latex/amsmath/amsmath.sty
Package: amsmath 2021/10/15 v2.17l AMS math features
\@mathmargin=\skip49

For additional information on amsmath, use the `?' option.
(/usr/local/texlive/2022/texmf-dist/tex/latex/amsmath/amstext.sty
Package: amstext 2021/08/26 v2.01 AMS text
 (/usr/local/texlive/2022/texmf-dist/tex/latex/amsmath/amsgen.sty
File: amsgen.sty 1999/11/30 v2.0 generic functions
\@emptytoks=\toks16
\ex@=\dimen139
)) (/usr/local/texlive/2022/texmf-dist/tex/latex/amsmath/amsbsy.sty
Package: amsbsy 1999/11/29 v1.2d Bold Symbols
\pmbraise@=\dimen140
) (/usr/local/texlive/2022/texmf-dist/tex/latex/amsmath/amsopn.sty
Package: amsopn 2021/08/26 v2.02 operator names
)
\inf@bad=\count193
LaTeX Info: Redefining \frac on input line 234.
\uproot@=\count194
\leftroot@=\count195
LaTeX Info: Redefining \overline on input line 399.
\classnum@=\count196
\DOTSCASE@=\count197
LaTeX Info: Redefining \ldots on input line 496.
LaTeX Info: Redefining \dots on input line 499.
LaTeX Info: Redefining \cdots on input line 620.
\Mathstrutbox@=\box50
\strutbox@=\box51
\big@size=\dimen141
LaTeX Font Info:    Redeclaring font encoding OML on input line 743.
LaTeX Font Info:    Redeclaring font encoding OMS on input line 744.
\macc@depth=\count198
\c@MaxMatrixCols=\count199
\dotsspace@=\muskip16
\c@parentequation=\count266
\dspbrk@lvl=\count267
\tag@help=\toks17
\row@=\count268
\column@=\count269
\maxfields@=\count270
\andhelp@=\toks18
\eqnshift@=\dimen142
\alignsep@=\dimen143
\tagshift@=\dimen144
\tagwidth@=\dimen145
\totwidth@=\dimen146
\lineht@=\dimen147
\@envbody=\toks19
\multlinegap=\skip50
\multlinetaggap=\skip51
\mathdisplay@stack=\toks20
LaTeX Info: Redefining \[ on input line 2938.
LaTeX Info: Redefining \] on input line 2939.
) (/usr/local/texlive/2022/texmf-dist/tex/latex/tools/indentfirst.sty
Package: indentfirst 1995/11/23 v1.03 Indent first paragraph (DPC)
) (/usr/local/texlive/2022/texmf-dist/tex/latex/graphics/graphicx.sty
Package: graphicx 2021/09/16 v1.2d Enhanced LaTeX Graphics (DPC,SPQR)
 (/usr/local/texlive/2022/texmf-dist/tex/latex/graphics/keyval.sty
Package: keyval 2014/10/28 v1.15 key=value parser (DPC)
\KV@toks@=\toks21
) (/usr/local/texlive/2022/texmf-dist/tex/latex/graphics/graphics.sty
Package: graphics 2021/03/04 v1.4d Standard LaTeX Graphics (DPC,SPQR)
 (/usr/local/texlive/2022/texmf-dist/tex/latex/graphics/trig.sty
Package: trig 2021/08/11 v1.11 sin cos tan (DPC)
) (/usr/local/texlive/2022/texmf-dist/tex/latex/graphics-cfg/graphics.cfg
File: graphics.cfg 2016/06/04 v1.11 sample graphics configuration
)
Package graphics Info: Driver file: pdftex.def on input line 107.
 (/usr/local/texlive/2022/texmf-dist/tex/latex/graphics-def/pdftex.def
File: pdftex.def 2020/10/05 v1.2a Graphics/color driver for pdftex
))
\Gin@req@height=\dimen148
\Gin@req@width=\dimen149
) (/usr/local/texlive/2022/texmf-dist/tex/latex/natbib/natbib.sty
Package: natbib 2010/09/13 8.31b (PWD, AO)
\bibhang=\skip52
\bibsep=\skip53
LaTeX Info: Redefining \cite on input line 694.
\c@NAT@ctr=\count271
) (/usr/local/texlive/2022/texmf-dist/tex/latex/caption/caption.sty
Package: caption 2022/03/01 v3.6b Customizing captions (AR)
 (/usr/local/texlive/2022/texmf-dist/tex/latex/caption/caption3.sty
Package: caption3 2022/03/17 v2.3b caption3 kernel (AR)
\caption@tempdima=\dimen150
\captionmargin=\dimen151
\caption@leftmargin=\dimen152
\caption@rightmargin=\dimen153
\caption@width=\dimen154
\caption@indent=\dimen155
\caption@parindent=\dimen156
\caption@hangindent=\dimen157
Package caption Info: Standard document class detected.
)
\c@caption@flags=\count272
\c@continuedfloat=\count273
) (/usr/local/texlive/2022/texmf-dist/tex/latex/hyperref/hyperref.sty
Package: hyperref 2022-02-21 v7.00n Hypertext links for LaTeX
 (/usr/local/texlive/2022/texmf-dist/tex/generic/ltxcmds/ltxcmds.sty
Package: ltxcmds 2020-05-10 v1.25 LaTeX kernel commands for general use (HO)
) (/usr/local/texlive/2022/texmf-dist/tex/generic/iftex/iftex.sty
Package: iftex 2022/02/03 v1.0f TeX engine tests
) (/usr/local/texlive/2022/texmf-dist/tex/generic/pdftexcmds/pdftexcmds.sty
Package: pdftexcmds 2020-06-27 v0.33 Utility functions of pdfTeX for LuaTeX (HO)
 (/usr/local/texlive/2022/texmf-dist/tex/generic/infwarerr/infwarerr.sty
Package: infwarerr 2019/12/03 v1.5 Providing info/warning/error messages (HO)
)
Package pdftexcmds Info: \pdf@primitive is available.
Package pdftexcmds Info: \pdf@ifprimitive is available.
Package pdftexcmds Info: \pdfdraftmode found.
) (/usr/local/texlive/2022/texmf-dist/tex/generic/kvsetkeys/kvsetkeys.sty
Package: kvsetkeys 2019/12/15 v1.18 Key value parser (HO)
) (/usr/local/texlive/2022/texmf-dist/tex/generic/kvdefinekeys/kvdefinekeys.sty
Package: kvdefinekeys 2019-12-19 v1.6 Define keys (HO)
) (/usr/local/texlive/2022/texmf-dist/tex/generic/pdfescape/pdfescape.sty
Package: pdfescape 2019/12/09 v1.15 Implements pdfTeX's escape features (HO)
) (/usr/local/texlive/2022/texmf-dist/tex/latex/hycolor/hycolor.sty
Package: hycolor 2020-01-27 v1.10 Color options for hyperref/bookmark (HO)
) (/usr/local/texlive/2022/texmf-dist/tex/latex/letltxmacro/letltxmacro.sty
Package: letltxmacro 2019/12/03 v1.6 Let assignment for LaTeX macros (HO)
) (/usr/local/texlive/2022/texmf-dist/tex/latex/auxhook/auxhook.sty
Package: auxhook 2019-12-17 v1.6 Hooks for auxiliary files (HO)
) (/usr/local/texlive/2022/texmf-dist/tex/latex/kvoptions/kvoptions.sty
Package: kvoptions 2020-10-07 v3.14 Key value format for package options (HO)
)
\@linkdim=\dimen158
\Hy@linkcounter=\count274
\Hy@pagecounter=\count275
 (/usr/local/texlive/2022/texmf-dist/tex/latex/hyperref/pd1enc.def
File: pd1enc.def 2022-02-21 v7.00n Hyperref: PDFDocEncoding definition (HO)
Now handling font encoding PD1 ...
... no UTF-8 mapping file for font encoding PD1
) (/usr/local/texlive/2022/texmf-dist/tex/generic/intcalc/intcalc.sty
Package: intcalc 2019/12/15 v1.3 Expandable calculations with integers (HO)
) (/usr/local/texlive/2022/texmf-dist/tex/generic/etexcmds/etexcmds.sty
Package: etexcmds 2019/12/15 v1.7 Avoid name clashes with e-TeX commands (HO)
)
\Hy@SavedSpaceFactor=\count276

(/usr/local/texlive/2022/texmf-dist/tex/latex/hyperref/puenc.def
File: puenc.def 2022-02-21 v7.00n Hyperref: PDF Unicode definition (HO)
Now handling font encoding PU ...
... no UTF-8 mapping file for font encoding PU
)
Package hyperref Info: Hyper figures OFF on input line 4137.
Package hyperref Info: Link nesting OFF on input line 4142.
Package hyperref Info: Hyper index ON on input line 4145.
Package hyperref Info: Plain pages OFF on input line 4152.
Package hyperref Info: Backreferencing OFF on input line 4157.
Package hyperref Info: Implicit mode ON; LaTeX internals redefined.
Package hyperref Info: Bookmarks ON on input line 4390.
\c@Hy@tempcnt=\count277
 (/usr/local/texlive/2022/texmf-dist/tex/latex/url/url.sty
\Urlmuskip=\muskip17
Package: url 2013/09/16  ver 3.4  Verb mode for urls, etc.
)
LaTeX Info: Redefining \url on input line 4749.
\XeTeXLinkMargin=\dimen159
 (/usr/local/texlive/2022/texmf-dist/tex/generic/bitset/bitset.sty
Package: bitset 2019/12/09 v1.3 Handle bit-vector datatype (HO)
 (/usr/local/texlive/2022/texmf-dist/tex/generic/bigintcalc/bigintcalc.sty
Package: bigintcalc 2019/12/15 v1.5 Expandable calculations on big integers (HO)
))
\Fld@menulength=\count278
\Field@Width=\dimen160
\Fld@charsize=\dimen161
Package hyperref Info: Hyper figures OFF on input line 6027.
Package hyperref Info: Link nesting OFF on input line 6032.
Package hyperref Info: Hyper index ON on input line 6035.
Package hyperref Info: backreferencing OFF on input line 6042.
Package hyperref Info: Link coloring OFF on input line 6047.
Package hyperref Info: Link coloring with OCG OFF on input line 6052.
Package hyperref Info: PDF/A mode OFF on input line 6057.
LaTeX Info: Redefining \ref on input line 6097.
LaTeX Info: Redefining \pageref on input line 6101.
 (/usr/local/texlive/2022/texmf-dist/tex/latex/base/atbegshi-ltx.sty
Package: atbegshi-ltx 2021/01/10 v1.0c Emulation of the original atbegshi
package with kernel methods
)
\Hy@abspage=\count279
\c@Item=\count280
\c@Hfootnote=\count281
)
Package hyperref Info: Driver (autodetected): hpdftex.
 (/usr/local/texlive/2022/texmf-dist/tex/latex/hyperref/hpdftex.def
File: hpdftex.def 2022-02-21 v7.00n Hyperref driver for pdfTeX
 (/usr/local/texlive/2022/texmf-dist/tex/latex/base/atveryend-ltx.sty
Package: atveryend-ltx 2020/08/19 v1.0a Emulation of the original atveryend package
with kernel methods
)
\Fld@listcount=\count282
\c@bookmark@seq@number=\count283
 (/usr/local/texlive/2022/texmf-dist/tex/latex/rerunfilecheck/rerunfilecheck.sty
Package: rerunfilecheck 2019/12/05 v1.9 Rerun checks for auxiliary files (HO)
 (/usr/local/texlive/2022/texmf-dist/tex/generic/uniquecounter/uniquecounter.sty
Package: uniquecounter 2019/12/15 v1.4 Provide unlimited unique counter (HO)
)
Package uniquecounter Info: New unique counter `rerunfilecheck' on input line 286.
)
\Hy@SectionHShift=\skip54
) (/usr/local/texlive/2022/texmf-dist/tex/latex/geometry/geometry.sty
Package: geometry 2020/01/02 v5.9 Page Geometry
 (/usr/local/texlive/2022/texmf-dist/tex/generic/iftex/ifvtex.sty
Package: ifvtex 2019/10/25 v1.7 ifvtex legacy package. Use iftex instead.
)
\Gm@cnth=\count284
\Gm@cntv=\count285
\c@Gm@tempcnt=\count286
\Gm@bindingoffset=\dimen162
\Gm@wd@mp=\dimen163
\Gm@odd@mp=\dimen164
\Gm@even@mp=\dimen165
\Gm@layoutwidth=\dimen166
\Gm@layoutheight=\dimen167
\Gm@layouthoffset=\dimen168
\Gm@layoutvoffset=\dimen169
\Gm@dimlist=\toks22
) (/usr/local/texlive/2022/texmf-dist/tex/latex/l3backend/l3backend-pdftex.def
File: l3backend-pdftex.def 2022-02-07 L3 backend support: PDF output (pdfTeX)
\l__color_backend_stack_int=\count287
\l__pdf_internal_box=\box52
) (/Users/jeremybenik/Research_Files/164/Assignments/Final_Drafts/.texpadtmp/Jeremy_Benik_Rothermel_vs_Balbi.aux)
\openout1 = `Jeremy_Benik_Rothermel_vs_Balbi.aux'.

LaTeX Font Info:    Checking defaults for OML/cmm/m/it on input line 10.
LaTeX Font Info:    ... okay on input line 10.
LaTeX Font Info:    Checking defaults for OMS/cmsy/m/n on input line 10.
LaTeX Font Info:    ... okay on input line 10.
LaTeX Font Info:    Checking defaults for OT1/cmr/m/n on input line 10.
LaTeX Font Info:    ... okay on input line 10.
LaTeX Font Info:    Checking defaults for T1/cmr/m/n on input line 10.
LaTeX Font Info:    ... okay on input line 10.
LaTeX Font Info:    Checking defaults for TS1/cmr/m/n on input line 10.
LaTeX Font Info:    ... okay on input line 10.
LaTeX Font Info:    Checking defaults for OMX/cmex/m/n on input line 10.
LaTeX Font Info:    ... okay on input line 10.
LaTeX Font Info:    Checking defaults for U/cmr/m/n on input line 10.
LaTeX Font Info:    ... okay on input line 10.
LaTeX Font Info:    Checking defaults for PD1/pdf/m/n on input line 10.
LaTeX Font Info:    ... okay on input line 10.
LaTeX Font Info:    Checking defaults for PU/pdf/m/n on input line 10.
LaTeX Font Info:    ... okay on input line 10.
 (/usr/local/texlive/2022/texmf-dist/tex/context/base/mkii/supp-pdf.mkii
[Loading MPS to PDF converter (version 2006.09.02).]
\scratchcounter=\count288
\scratchdimen=\dimen170
\scratchbox=\box53
\nofMPsegments=\count289
\nofMParguments=\count290
\everyMPshowfont=\toks23
\MPscratchCnt=\count291
\MPscratchDim=\dimen171
\MPnumerator=\count292
\makeMPintoPDFobject=\count293
\everyMPtoPDFconversion=\toks24
) (/usr/local/texlive/2022/texmf-dist/tex/latex/epstopdf-pkg/epstopdf-base.sty
Package: epstopdf-base 2020-01-24 v2.11 Base part for package epstopdf
Package epstopdf-base Info: Redefining graphics rule for `.eps' on input line 485.
 (/usr/local/texlive/2022/texmf-dist/tex/latex/latexconfig/epstopdf-sys.cfg
File: epstopdf-sys.cfg 2010/07/13 v1.3 Configuration of (r)epstopdf for TeX Live
))
Package caption Info: Begin \AtBeginDocument code.
Package caption Info: hyperref package is loaded.
Package caption Info: End \AtBeginDocument code.
Package hyperref Info: Link coloring OFF on input line 10.
 (/usr/local/texlive/2022/texmf-dist/tex/latex/hyperref/nameref.sty
Package: nameref 2021-04-02 v2.47 Cross-referencing by name of section
 (/usr/local/texlive/2022/texmf-dist/tex/latex/refcount/refcount.sty
Package: refcount 2019/12/15 v3.6 Data extraction from label references (HO)
) (/usr/local/texlive/2022/texmf-dist/tex/generic/gettitlestring/gettitlestring.sty
Package: gettitlestring 2019/12/15 v1.6 Cleanup title references (HO)
)
\c@section@level=\count294
)
LaTeX Info: Redefining \ref on input line 10.
LaTeX Info: Redefining \pageref on input line 10.
LaTeX Info: Redefining \nameref on input line 10.
 (/Users/jeremybenik/Research_Files/164/Assignments/Final_Drafts/.texpadtmp/Jeremy_Benik_Rothermel_vs_Balbi.out) (/Users/jeremybenik/Research_Files/164/Assignments/Final_Drafts/.texpadtmp/Jeremy_Benik_Rothermel_vs_Balbi.out)
\@outlinefile=\write3
\openout3 = `Jeremy_Benik_Rothermel_vs_Balbi.out'.


*geometry* driver: auto-detecting
*geometry* detected driver: pdftex
*geometry* verbose mode - [ preamble ] result:
* driver: pdftex
* paper: <default>
* layout: <same size as paper>
* layoutoffset:(h,v)=(0.0pt,0.0pt)
* modes: 
* h-part:(L,W,R)=(71.13188pt, 472.03123pt, 71.13188pt)
* v-part:(T,H,B)=(56.9055pt, 681.15898pt, 56.9055pt)
* \paperwidth=614.295pt
* \paperheight=794.96999pt
* \textwidth=472.03123pt
* \textheight=681.15898pt
* \oddsidemargin=-1.1381pt
* \evensidemargin=-1.1381pt
* \topmargin=-52.36449pt
* \headheight=12.0pt
* \headsep=25.0pt
* \topskip=10.0pt
* \footskip=30.0pt
* \marginparwidth=65.0pt
* \marginparsep=11.0pt
* \columnsep=10.0pt
* \skip\footins=9.0pt plus 4.0pt minus 2.0pt
* \hoffset=0.0pt
* \voffset=0.0pt
* \mag=1000
* \@twocolumnfalse
* \@twosidefalse
* \@mparswitchfalse
* \@reversemarginfalse
* (1in=72.27pt=25.4mm, 1cm=28.453pt)


Package natbib Warning: Citation `Chatelon2022' on page 1 undefined on input line 21.


Package natbib Warning: Citation `Chatelon2022' on page 1 undefined on input line 23.


Package natbib Warning: Citation `Anderson2010' on page 1 undefined on input line 23.

[1

{/usr/local/texlive/2022/texmf-var/fonts/map/pdftex/updmap/pdftex.map}]

Package hyperref Warning: Difference (2) between bookmark levels is greater 
(hyperref)                than one, level fixed on input line 25.


Package natbib Warning: Citation `Anderson2010' on page 2 undefined on input line 27.


Package natbib Warning: Citation `Rothermel1972' on page 2 undefined on input line 29.


Package natbib Warning: Citation `Rothermel1972' on page 2 undefined on input line 30.


Package natbib Warning: Citation `Rothermel1972' on page 2 undefined on input line 31.


Package natbib Warning: Citation `Rothermel1972' on page 2 undefined on input line 31.


Package natbib Warning: Citation `Rothermel1972' on page 2 undefined on input line 32.


Package natbib Warning: Citation `Rothermel1972' on page 2 undefined on input line 32.

[2]

Package natbib Warning: Citation `Balbi2007' on page 3 undefined on input line 36.


Package natbib Warning: Citation `Balbi2007' on page 3 undefined on input line 36.


Package natbib Warning: Citation `Balbi2007' on page 3 undefined on input line 36.


Package natbib Warning: Citation `Balbi2007' on page 3 undefined on input line 37.


Package natbib Warning: Citation `Balbi2007' on page 3 undefined on input line 37.


Package natbib Warning: Citation `Balbi2007' on page 3 undefined on input line 37.


Package natbib Warning: Citation `Balbi2007' on page 3 undefined on input line 39.


Package natbib Warning: Citation `Balbi2007' on page 3 undefined on input line 39.


Package natbib Warning: Citation `Balbi2007' on page 3 undefined on input line 39.


Package natbib Warning: Citation `Balbi2007' on page 3 undefined on input line 39.


Package natbib Warning: Citation `Balbi2007' on page 3 undefined on input line 40.


Package natbib Warning: Citation `Balbi2020' on page 3 undefined on input line 41.


Package natbib Warning: Citation `Balbi2020' on page 3 undefined on input line 42.


Package natbib Warning: Citation `Chatelon2022' on page 3 undefined on input line 42.


Package natbib Warning: Citation `Chatelon2022' on page 3 undefined on input line 43.


Package natbib Warning: Citation `Chatelon2022' on page 3 undefined on input line 43.


Package natbib Warning: Citation `Anderson2010' on page 3 undefined on input line 44.


Package natbib Warning: Citation `Anderson2010' on page 3 undefined on input line 44.


Package natbib Warning: Citation `Anderson2010' on page 3 undefined on input line 44.


Package natbib Warning: Citation `Anderson2010' on page 3 undefined on input line 44.


Underfull \hbox (badness 10000) in paragraph at lines 36--46

 []

[3] [4]
Underfull \hbox (badness 10000) in paragraph at lines 61--63

 []


Underfull \hbox (badness 10000) in paragraph at lines 64--65

 []


Underfull \hbox (badness 10000) in paragraph at lines 66--67

 []


Underfull \hbox (badness 10000) in paragraph at lines 68--69

 []


Underfull \hbox (badness 10000) in paragraph at lines 70--71

 []


Underfull \hbox (badness 10000) in paragraph at lines 75--76

 []


Package hyperref Warning: Token not allowed in a PDF string (Unicode):
(hyperref)                removing `math shift' on input line 76.


Package hyperref Warning: Token not allowed in a PDF string (Unicode):
(hyperref)                removing `subscript' on input line 76.


Package hyperref Warning: Token not allowed in a PDF string (Unicode):
(hyperref)                removing `math shift' on input line 76.


Package natbib Warning: Citation `Rothermel1972' on page 5 undefined on input line 77.

[5]
Underfull \hbox (badness 10000) in paragraph at lines 81--89

 []


Underfull \hbox (badness 10000) in paragraph at lines 95--98

 []


Package hyperref Warning: Token not allowed in a PDF string (Unicode):
(hyperref)                removing `math shift' on input line 98.


Package hyperref Warning: Token not allowed in a PDF string (Unicode):
(hyperref)                removing `subscript' on input line 98.


Package hyperref Warning: Token not allowed in a PDF string (Unicode):
(hyperref)                removing `math shift' on input line 98.


Underfull \hbox (badness 10000) in paragraph at lines 103--106

 []


Underfull \hbox (badness 10000) in paragraph at lines 112--118

 []

[6]
Underfull \hbox (badness 10000) in paragraph at lines 128--133

 []

</Users/jeremybenik/Research_Files/164/Assignments/draft/Images/Rothermel/moisture_damping.png, id=183, 559.08875pt x 630.355pt>
File: /Users/jeremybenik/Research_Files/164/Assignments/draft/Images/Rothermel/moisture_damping.png Graphic file (type png)
<use /Users/jeremybenik/Research_Files/164/Assignments/draft/Images/Rothermel/moisture_damping.png>
Package pdftex.def Info: /Users/jeremybenik/Research_Files/164/Assignments/draft/Images/Rothermel/moisture_damping.png  used on input line 137.
(pdftex.def)             Requested size: 223.63153pt x 252.13753pt.

Package natbib Warning: Citation `Rothermel1972' on page 7 undefined on input line 142.

</Users/jeremybenik/Research_Files/164/Assignments/draft/Images/Rothermel/mineral_content.png, id=186, 634.37pt x 587.19376pt>
File: /Users/jeremybenik/Research_Files/164/Assignments/draft/Images/Rothermel/mineral_content.png Graphic file (type png)
<use /Users/jeremybenik/Research_Files/164/Assignments/draft/Images/Rothermel/mineral_content.png>
Package pdftex.def Info: /Users/jeremybenik/Research_Files/164/Assignments/draft/Images/Rothermel/mineral_content.png  used on input line 145.
(pdftex.def)             Requested size: 253.7435pt x 234.87334pt.

LaTeX Warning: `h' float specifier changed to `ht'.

[7 </Users/jeremybenik/Research_Files/164/Assignments/draft/Images/Rothermel/moisture_damping.png>]
Underfull \hbox (badness 10000) in paragraph at lines 154--159

 []

[8 </Users/jeremybenik/Research_Files/164/Assignments/draft/Images/Rothermel/mineral_content.png>]
</Users/jeremybenik/Research_Files/164/Assignments/draft/Images/Rothermel/eta.png, id=212, 675.52374pt x 746.79pt>
File: /Users/jeremybenik/Research_Files/164/Assignments/draft/Images/Rothermel/eta.png Graphic file (type png)
<use /Users/jeremybenik/Research_Files/164/Assignments/draft/Images/Rothermel/eta.png>
Package pdftex.def Info: /Users/jeremybenik/Research_Files/164/Assignments/draft/Images/Rothermel/eta.png  used on input line 196.
(pdftex.def)             Requested size: 270.20471pt x 298.7107pt.
 [9 </Users/jeremybenik/Research_Files/164/Assignments/draft/Images/Rothermel/eta.png>]
Underfull \hbox (badness 10000) in paragraph at lines 209--214

 []


Package natbib Warning: Citation `Balbi2007' on page 10 undefined on input line 224.

[10]
</Users/jeremybenik/Research_Files/164/Assignments/draft/Images/Balbi/balbi_flame_height.png, id=239, 490.83376pt x 415.5525pt>
File: /Users/jeremybenik/Research_Files/164/Assignments/draft/Images/Balbi/balbi_flame_height.png Graphic file (type png)
<use /Users/jeremybenik/Research_Files/164/Assignments/draft/Images/Balbi/balbi_flame_height.png>
Package pdftex.def Info: /Users/jeremybenik/Research_Files/164/Assignments/draft/Images/Balbi/balbi_flame_height.png  used on input line 257.
(pdftex.def)             Requested size: 196.33002pt x 166.21805pt.


Package natbib Warning: Citation `Balbi2007' on page 11 undefined on input line 279.

[11 </Users/jeremybenik/Research_Files/164/Assignments/draft/Images/Balbi/balbi_flame_height.png>]

Package natbib Warning: Citation `Balbi2007' on page 12 undefined on input line 290.


Package natbib Warning: Citation `Balbi2007' on page 12 undefined on input line 290.


Package natbib Warning: Citation `Balbi2007' on page 12 undefined on input line 295.


Underfull \hbox (badness 10000) in paragraph at lines 294--296

 []


Package natbib Warning: Citation `Balbi2007' on page 12 undefined on input line 298.

[12]

Package natbib Warning: Citation `Balbi2007' on page 13 undefined on input line 331.


Package natbib Warning: Citation `Balbi2007' on page 13 undefined on input line 332.


Underfull \hbox (badness 10000) in paragraph at lines 330--333

 []

</Users/jeremybenik/Research_Files/164/Assignments/draft/Images/Balbi/balbi_diagram.png, id=267, 513.92pt x 283.0575pt>
File: /Users/jeremybenik/Research_Files/164/Assignments/draft/Images/Balbi/balbi_diagram.png Graphic file (type png)
<use /Users/jeremybenik/Research_Files/164/Assignments/draft/Images/Balbi/balbi_diagram.png>
Package pdftex.def Info: /Users/jeremybenik/Research_Files/164/Assignments/draft/Images/Balbi/balbi_diagram.png  used on input line 341.
(pdftex.def)             Requested size: 308.35437pt x 169.8358pt.

LaTeX Warning: `h' float specifier changed to `ht'.


Package natbib Warning: Citation `Chatelon2022' on page 13 undefined on input line 352.

[13]

Package natbib Warning: Citation `Chatelon2022' on page 14 undefined on input line 357.


Underfull \hbox (badness 10000) in paragraph at lines 356--358

 []


Underfull \hbox (badness 10000) in paragraph at lines 361--380

 []

[14 </Users/jeremybenik/Research_Files/164/Assignments/draft/Images/Balbi/balbi_diagram.png>]
</Users/jeremybenik/Research_Files/164/Assignments/draft/Images/Rothermel/Wind_Speed.png, id=290, 1606.0pt x 1204.5pt>
File: /Users/jeremybenik/Research_Files/164/Assignments/draft/Images/Rothermel/Wind_Speed.png Graphic file (type png)
<use /Users/jeremybenik/Research_Files/164/Assignments/draft/Images/Rothermel/Wind_Speed.png>
Package pdftex.def Info: /Users/jeremybenik/Research_Files/164/Assignments/draft/Images/Rothermel/Wind_Speed.png  used on input line 395.
(pdftex.def)             Requested size: 401.49902pt x 301.12427pt.
</Users/jeremybenik/Research_Files/164/Assignments/draft/Images/Balbi/Wind_Speed.png, id=291, 1606.0pt x 1204.5pt>
File: /Users/jeremybenik/Research_Files/164/Assignments/draft/Images/Balbi/Wind_Speed.png Graphic file (type png)
<use /Users/jeremybenik/Research_Files/164/Assignments/draft/Images/Balbi/Wind_Speed.png>
Package pdftex.def Info: /Users/jeremybenik/Research_Files/164/Assignments/draft/Images/Balbi/Wind_Speed.png  used on input line 396.
(pdftex.def)             Requested size: 401.49902pt x 301.12427pt.


LaTeX Warning: `h' float specifier changed to `ht'.

</Users/jeremybenik/Research_Files/164/Assignments/draft/Images/Rothermel/slope_rothermel.png, id=293, 1606.0pt x 1204.5pt>
File: /Users/jeremybenik/Research_Files/164/Assignments/draft/Images/Rothermel/slope_rothermel.png Graphic file (type png)
<use /Users/jeremybenik/Research_Files/164/Assignments/draft/Images/Rothermel/slope_rothermel.png>
Package pdftex.def Info: /Users/jeremybenik/Research_Files/164/Assignments/draft/Images/Rothermel/slope_rothermel.png  used on input line 405.
(pdftex.def)             Requested size: 401.49902pt x 301.12427pt.
</Users/jeremybenik/Research_Files/164/Assignments/draft/Images/Balbi/Slope.png, id=294, 1606.0pt x 1204.5pt>
File: /Users/jeremybenik/Research_Files/164/Assignments/draft/Images/Balbi/Slope.png Graphic file (type png)
<use /Users/jeremybenik/Research_Files/164/Assignments/draft/Images/Balbi/Slope.png>
Package pdftex.def Info: /Users/jeremybenik/Research_Files/164/Assignments/draft/Images/Balbi/Slope.png  used on input line 406.
(pdftex.def)             Requested size: 401.49902pt x 301.12427pt.

LaTeX Warning: `h' float specifier changed to `ht'.

</Users/jeremybenik/Research_Files/164/Assignments/draft/Images/Rothermel/FMC_rothermel.png, id=302, 1606.0pt x 1204.5pt>
File: /Users/jeremybenik/Research_Files/164/Assignments/draft/Images/Rothermel/FMC_rothermel.png Graphic file (type png)
<use /Users/jeremybenik/Research_Files/164/Assignments/draft/Images/Rothermel/FMC_rothermel.png>
Package pdftex.def Info: /Users/jeremybenik/Research_Files/164/Assignments/draft/Images/Rothermel/FMC_rothermel.png  used on input line 418.
(pdftex.def)             Requested size: 401.49902pt x 301.12427pt.
</Users/jeremybenik/Research_Files/164/Assignments/draft/Images/Balbi/FMC_with_slope.png, id=303, 1606.0pt x 1204.5pt>
File: /Users/jeremybenik/Research_Files/164/Assignments/draft/Images/Balbi/FMC_with_slope.png Graphic file (type png)
<use /Users/jeremybenik/Research_Files/164/Assignments/draft/Images/Balbi/FMC_with_slope.png>
Package pdftex.def Info: /Users/jeremybenik/Research_Files/164/Assignments/draft/Images/Balbi/FMC_with_slope.png  used on input line 419.
(pdftex.def)             Requested size: 401.49902pt x 301.12427pt.
[15]

LaTeX Warning: `!h' float specifier changed to `!ht'.

</Users/jeremybenik/Research_Files/164/Assignments/draft/Images/Rothermel/FMC_no_slope_no_wind.png, id=314, 1606.0pt x 1204.5pt>
File: /Users/jeremybenik/Research_Files/164/Assignments/draft/Images/Rothermel/FMC_no_slope_no_wind.png Graphic file (type png)
<use /Users/jeremybenik/Research_Files/164/Assignments/draft/Images/Rothermel/FMC_no_slope_no_wind.png>
Package pdftex.def Info: /Users/jeremybenik/Research_Files/164/Assignments/draft/Images/Rothermel/FMC_no_slope_no_wind.png  used on input line 428.
(pdftex.def)             Requested size: 472.03123pt x 354.0195pt.
</Users/jeremybenik/Research_Files/164/Assignments/draft/Images/Balbi/FMC_without_slope_and_wind.png, id=315, 1606.0pt x 1204.5pt>
File: /Users/jeremybenik/Research_Files/164/Assignments/draft/Images/Balbi/FMC_without_slope_and_wind.png Graphic file (type png)
<use /Users/jeremybenik/Research_Files/164/Assignments/draft/Images/Balbi/FMC_without_slope_and_wind.png>
Package pdftex.def Info: /Users/jeremybenik/Research_Files/164/Assignments/draft/Images/Balbi/FMC_without_slope_and_wind.png  used on input line 429.
(pdftex.def)             Requested size: 472.03123pt x 354.0195pt.

LaTeX Warning: Float too large for page by 61.88002pt on input line 432.


LaTeX Warning: `!h' float specifier changed to `!ht'.

</Users/jeremybenik/Research_Files/164/Assignments/draft/Images/Rothermel/FMC_Rothermel_negative_vals.png, id=317, 1606.0pt x 1204.5pt>
File: /Users/jeremybenik/Research_Files/164/Assignments/draft/Images/Rothermel/FMC_Rothermel_negative_vals.png Graphic file (type png)
<use /Users/jeremybenik/Research_Files/164/Assignments/draft/Images/Rothermel/FMC_Rothermel_negative_vals.png>
Package pdftex.def Info: /Users/jeremybenik/Research_Files/164/Assignments/draft/Images/Rothermel/FMC_Rothermel_negative_vals.png  used on input line 441.
(pdftex.def)             Requested size: 401.49902pt x 301.12427pt.

LaTeX Warning: `h' float specifier changed to `ht'.

</Users/jeremybenik/Research_Files/164/Assignments/draft/Images/Rothermel/fuel_height_rothermel.png, id=318, 1606.0pt x 1204.5pt>
File: /Users/jeremybenik/Research_Files/164/Assignments/draft/Images/Rothermel/fuel_height_rothermel.png Graphic file (type png)
<use /Users/jeremybenik/Research_Files/164/Assignments/draft/Images/Rothermel/fuel_height_rothermel.png>
Package pdftex.def Info: /Users/jeremybenik/Research_Files/164/Assignments/draft/Images/Rothermel/fuel_height_rothermel.png  used on input line 452.
(pdftex.def)             Requested size: 401.49902pt x 301.12427pt.
</Users/jeremybenik/Research_Files/164/Assignments/draft/Images/Balbi/fuel_depth_m.png, id=319, 1606.0pt x 1204.5pt>
File: /Users/jeremybenik/Research_Files/164/Assignments/draft/Images/Balbi/fuel_depth_m.png Graphic file (type png)
<use /Users/jeremybenik/Research_Files/164/Assignments/draft/Images/Balbi/fuel_depth_m.png>
Package pdftex.def Info: /Users/jeremybenik/Research_Files/164/Assignments/draft/Images/Balbi/fuel_depth_m.png  used on input line 453.
(pdftex.def)             Requested size: 401.49902pt x 301.12427pt.
</Users/jeremybenik/Research_Files/164/Assignments/draft/Images/Rothermel/SAVR.png, id=321, 1606.0pt x 1204.5pt>
File: /Users/jeremybenik/Research_Files/164/Assignments/draft/Images/Rothermel/SAVR.png Graphic file (type png)
<use /Users/jeremybenik/Research_Files/164/Assignments/draft/Images/Rothermel/SAVR.png>
Package pdftex.def Info: /Users/jeremybenik/Research_Files/164/Assignments/draft/Images/Rothermel/SAVR.png  used on input line 462.
(pdftex.def)             Requested size: 401.49902pt x 301.12427pt.
</Users/jeremybenik/Research_Files/164/Assignments/draft/Images/Balbi/SAVR.png, id=322, 1606.0pt x 1204.5pt>
File: /Users/jeremybenik/Research_Files/164/Assignments/draft/Images/Balbi/SAVR.png Graphic file (type png)
<use /Users/jeremybenik/Research_Files/164/Assignments/draft/Images/Balbi/SAVR.png>
Package pdftex.def Info: /Users/jeremybenik/Research_Files/164/Assignments/draft/Images/Balbi/SAVR.png  used on input line 463.
(pdftex.def)             Requested size: 401.49902pt x 301.12427pt.
[16]
No file Jeremy_Benik_Rothermel_vs_Balbi.bbl.

Underfull \hbox (badness 10000) in paragraph at lines 515--525

 []


Overfull \hbox (15.07643pt too wide) in paragraph at lines 515--525
\OT1/cmr/m/n/10 Rothermel Code: []$\OT1/cmtt/m/n/10 https : / / github . com / Jeremy-[]Benik / 164 / blob / main / Assignments / draft / ros _ rothermel .
 []


Underfull \hbox (badness 10000) in paragraph at lines 515--525

 []


Underfull \hbox (badness 10000) in paragraph at lines 515--525

 []


Overfull \hbox (16.10455pt too wide) in paragraph at lines 515--525
\OT1/cmr/m/n/10 Testing the Balbi Model: []$\OT1/cmtt/m/n/10 https : / / github . com / Jeremy-[]Benik / 164 / blob / main / Assignments / draft / Testing _
 []


Underfull \hbox (badness 10000) in paragraph at lines 515--525

 []


Underfull \hbox (badness 10000) in paragraph at lines 515--525

 []


Package natbib Warning: There were undefined citations.

[17] [18 </Users/jeremybenik/Research_Files/164/Assignments/draft/Images/Rothermel/Wind_Speed.png (PNG copy)> </Users/jeremybenik/Research_Files/164/Assignments/draft/Images/Balbi/Wind_Speed.png (PNG copy)>] [19 </Users/jeremybenik/Research_Files/164/Assignments/draft/Images/Rothermel/slope_rothermel.png (PNG copy)> </Users/jeremybenik/Research_Files/164/Assignments/draft/Images/Balbi/Slope.png (PNG copy)>] [20 </Users/jeremybenik/Research_Files/164/Assignments/draft/Images/Rothermel/FMC_rothermel.png (PNG copy)> </Users/jeremybenik/Research_Files/164/Assignments/draft/Images/Balbi/FMC_with_slope.png (PNG copy)>] [21 </Users/jeremybenik/Research_Files/164/Assignments/draft/Images/Rothermel/FMC_no_slope_no_wind.png (PNG copy)> </Users/jeremybenik/Research_Files/164/Assignments/draft/Images/Balbi/FMC_without_slope_and_wind.png (PNG copy)>] [22 </Users/jeremybenik/Research_Files/164/Assignments/draft/Images/Rothermel/FMC_Rothermel_negative_vals.png (PNG copy)>] [23 </Users/jeremybenik/Research_Files/164/Assignments/draft/Images/Rothermel/fuel_height_rothermel.png (PNG copy)> </Users/jeremybenik/Research_Files/164/Assignments/draft/Images/Balbi/fuel_depth_m.png (PNG copy)>] [24 </Users/jeremybenik/Research_Files/164/Assignments/draft/Images/Rothermel/SAVR.png (PNG copy)> </Users/jeremybenik/Research_Files/164/Assignments/draft/Images/Balbi/SAVR.png (PNG copy)>] (/Users/jeremybenik/Research_Files/164/Assignments/Final_Drafts/.texpadtmp/Jeremy_Benik_Rothermel_vs_Balbi.aux)
Package rerunfilecheck Info: File `Jeremy_Benik_Rothermel_vs_Balbi.out' has not changed.
(rerunfilecheck)             Checksum: 36059315FA61781ED0412F74C5A60A37;5180.
 ) 
Here is how much of TeX's memory you used:
 11195 strings out of 478268
 189453 string characters out of 5846347
 490422 words of memory out of 5000000
 29167 multiletter control sequences out of 15000+600000
 474810 words of font info for 48 fonts, out of 8000000 for 9000
 1141 hyphenation exceptions out of 8191
 60i,8n,63p,2125b,340s stack positions out of 10000i,1000n,20000p,200000b,200000s
</usr/local/texlive/2022/texmf-dist/fonts/type1/public/amsfonts/cm/cmbx10.pfb></usr/local/texlive/2022/texmf-dist/fonts/type1/public/amsfonts/cm/cmbx12.pfb></usr/local/texlive/2022/texmf-dist/fonts/type1/public/amsfonts/cm/cmex10.pfb></usr/local/texlive/2022/texmf-dist/fonts/type1/public/amsfonts/cm/cmmi10.pfb></usr/local/texlive/2022/texmf-dist/fonts/type1/public/amsfonts/cm/cmmi5.pfb></usr/local/texlive/2022/texmf-dist/fonts/type1/public/amsfonts/cm/cmmi7.pfb></usr/local/texlive/2022/texmf-dist/fonts/type1/public/amsfonts/cm/cmr10.pfb></usr/local/texlive/2022/texmf-dist/fonts/type1/public/amsfonts/cm/cmr12.pfb></usr/local/texlive/2022/texmf-dist/fonts/type1/public/amsfonts/cm/cmr17.pfb></usr/local/texlive/2022/texmf-dist/fonts/type1/public/amsfonts/cm/cmr5.pfb></usr/local/texlive/2022/texmf-dist/fonts/type1/public/amsfonts/cm/cmr7.pfb></usr/local/texlive/2022/texmf-dist/fonts/type1/public/amsfonts/cm/cmsy10.pfb></usr/local/texlive/2022/texmf-dist/fonts/type1/public/amsfonts/cm/cmsy5.pfb></usr/local/texlive/2022/texmf-dist/fonts/type1/public/amsfonts/cm/cmsy7.pfb></usr/local/texlive/2022/texmf-dist/fonts/type1/public/amsfonts/cm/cmtt10.pfb>
Output written on /Users/jeremybenik/Research_Files/164/Assignments/Final_Drafts/.texpadtmp/Jeremy_Benik_Rothermel_vs_Balbi.pdf (24 pages, 2145954 bytes).
PDF statistics:
 466 PDF objects out of 1000 (max. 8388607)
 383 compressed objects within 4 object streams
 109 named destinations out of 1000 (max. 500000)
 339 words of extra memory for PDF output out of 10000 (max. 10000000)

