\BOOKMARK [1][-]{section.1}{\376\377\000A\000b\000s\000t\000r\000a\000c\000t}{}% 1
\BOOKMARK [1][-]{section.2}{\376\377\000I\000n\000t\000r\000o\000d\000u\000c\000t\000i\000o\000n}{}% 2
\BOOKMARK [2][-]{subsubsection.2.0.1}{\376\377\000R\000o\000t\000h\000e\000r\000m\000e\000l\000\040\000M\000o\000d\000e\000l}{section.2}% 3
\BOOKMARK [3][-]{subsubsection.2.0.2}{\376\377\000B\000a\000l\000b\000i\000\040\000M\000o\000d\000e\000l}{subsubsection.2.0.1}% 4
\BOOKMARK [1][-]{section.3}{\376\377\000M\000e\000t\000h\000o\000d\000s}{}% 5
\BOOKMARK [1][-]{section.4}{\376\377\000R\000e\000s\000u\000l\000t\000s}{}% 6
\BOOKMARK [2][-]{subsection.4.1}{\376\377\000R\000o\000t\000h\000e\000r\000m\000e\000l\000\040\000M\000o\000d\000e\000l}{section.4}% 7
\BOOKMARK [3][-]{subsubsection.4.1.1}{\376\377\000I\000n\000i\000t\000i\000a\000l\000\040\000R\000a\000t\000e\000\040\000o\000f\000\040\000S\000p\000r\000e\000a\000d\000\040\000E\000q\000u\000a\000t\000i\000o\000n}{subsection.4.1}% 8
\BOOKMARK [3][-]{subsubsection.4.1.2}{\376\377\000H\000e\000a\000t\000\040\000o\000f\000\040\000P\000r\000e\000i\000g\000n\000i\000t\000i\000o\000n\000\040\000Q\000i\000g}{subsection.4.1}% 9
\BOOKMARK [3][-]{subsubsection.4.1.3}{\376\377\000R\000e\000a\000c\000t\000i\000o\000n\000\040\000I\000n\000t\000e\000n\000s\000i\000t\000y\000\040\000I\000R}{subsection.4.1}% 10
\BOOKMARK [3][-]{subsubsection.4.1.4}{\376\377\000R\000e\000a\000c\000t\000i\000o\000n\000\040\000V\000e\000l\000o\000c\000i\000t\000y}{subsection.4.1}% 11
\BOOKMARK [3][-]{subsubsection.4.1.5}{\376\377\000M\000o\000i\000s\000t\000u\000r\000e\000\040\000a\000n\000d\000\040\000M\000i\000n\000e\000r\000a\000l\000\040\000D\000a\000m\000p\000i\000n\000g\000\040\000C\000o\000e\000f\000f\000i\000c\000i\000e\000n\000t}{subsection.4.1}% 12
\BOOKMARK [3][-]{subsubsection.4.1.6}{\376\377\000F\000u\000e\000l\000\040\000P\000a\000c\000k\000i\000n\000g\000\040\000R\000a\000t\000i\000o\000\040\000a\000n\000d\000\040\000S\000u\000r\000f\000a\000c\000e\000\040\000A\000r\000e\000a\000\040\000t\000o\000\040\000V\000o\000l\000u\000m\000e\000\040\000R\000a\000t\000i\000o}{subsection.4.1}% 13
\BOOKMARK [3][-]{subsubsection.4.1.7}{\376\377\000F\000i\000t\000t\000i\000n\000g\000\040\000M\000i\000s\000s\000i\000n\000g\000/\000U\000n\000k\000n\000o\000w\000n\000\040\000P\000a\000r\000a\000m\000e\000t\000e\000r\000s\000\040\000T\000h\000r\000o\000u\000g\000h\000\040\000E\000x\000p\000e\000r\000i\000m\000e\000n\000t\000a\000t\000i\000o\000n}{subsection.4.1}% 14
\BOOKMARK [3][-]{subsubsection.4.1.8}{\376\377\000W\000i\000n\000d\000\040\000a\000n\000d\000\040\000S\000l\000o\000p\000e\000\040\000C\000o\000e\000f\000f\000i\000c\000i\000e\000n\000t\000s}{subsection.4.1}% 15
\BOOKMARK [3][-]{subsubsection.4.1.9}{\376\377\000F\000i\000n\000a\000l\000\040\000R\000a\000t\000e\000\040\000o\000f\000\040\000S\000p\000r\000e\000a\000d\000\040\000E\000q\000u\000a\000t\000i\000o\000n}{subsection.4.1}% 16
\BOOKMARK [2][-]{subsection.4.2}{\376\377\000B\000a\000l\000b\000i\000\040\000M\000o\000d\000e\000l}{section.4}% 17
\BOOKMARK [3][-]{subsubsection.4.2.1}{\376\377\000S\000i\000m\000p\000l\000i\000f\000i\000e\000d\000\040\000F\000l\000o\000w\000\040\000a\000n\000d\000\040\000F\000l\000a\000m\000e\000\040\000T\000i\000l\000t\000\040\000A\000n\000g\000l\000e}{subsection.4.2}% 18
\BOOKMARK [3][-]{subsubsection.4.2.2}{\376\377\000S\000i\000m\000p\000l\000i\000f\000i\000e\000d\000\040\000F\000l\000a\000m\000e\000\040\000S\000u\000b\000-\000M\000o\000d\000e\000l}{subsection.4.2}% 19
\BOOKMARK [3][-]{subsubsection.4.2.3}{\376\377\000S\000i\000m\000p\000l\000i\000f\000i\000e\000d\000\040\000r\000a\000d\000i\000a\000t\000i\000o\000n\000\040\000S\000u\000b\000-\000M\000o\000d\000e\000l}{subsection.4.2}% 20
\BOOKMARK [3][-]{subsubsection.4.2.4}{\376\377\000P\000r\000e\000h\000e\000a\000t\000i\000n\000g\000\040\000S\000u\000b\000-\000M\000o\000d\000e\000l}{subsection.4.2}% 21
\BOOKMARK [2][-]{subsection.4.3}{\376\377\000C\000o\000m\000p\000a\000r\000i\000s\000o\000n\000\040\000o\000f\000\040\000t\000h\000e\000\040\000T\000w\000o\000\040\000M\000o\000d\000e\000l\000s}{section.4}% 22
\BOOKMARK [3][-]{subsubsection.4.3.1}{\376\377\000W\000i\000n\000d\000\040\000S\000p\000e\000e\000d}{subsection.4.3}% 23
\BOOKMARK [3][-]{subsubsection.4.3.2}{\376\377\000S\000l\000o\000p\000e}{subsection.4.3}% 24
\BOOKMARK [3][-]{subsubsection.4.3.3}{\376\377\000F\000u\000e\000l\000\040\000M\000o\000i\000s\000t\000u\000r\000e}{subsection.4.3}% 25
\BOOKMARK [3][-]{subsubsection.4.3.4}{\376\377\000F\000u\000e\000l\000\040\000H\000e\000i\000g\000h\000t}{subsection.4.3}% 26
\BOOKMARK [3][-]{subsubsection.4.3.5}{\376\377\000S\000A\000V\000R\000\040\000C\000o\000m\000p\000a\000r\000i\000s\000o\000n}{subsection.4.3}% 27
\BOOKMARK [1][-]{section.5}{\376\377\000C\000o\000n\000c\000l\000u\000s\000i\000o\000n}{}% 28
\BOOKMARK [1][-]{section.6}{\376\377\000A\000p\000p\000e\000n\000d\000i\000x\000\040\000A}{}% 29
